Vivado Simulator 2018.3
Copyright 1986-1999, 2001-2018 Xilinx, Inc. All Rights Reserved.
Running: D:/vivado/Vivado/2018.3/bin/unwrapped/win64.o/xelab.exe -wto 89c6124af6c74c3b934ed73c382124d7 --incr --debug typical --relax --mt 2 -L blk_mem_gen_v8_4_2 -L xil_defaultlib -L unisims_ver -L unimacro_ver -L secureip -L xpm --snapshot TOP_behav xil_defaultlib.TOP xil_defaultlib.glbl -log elaborate.log 
Using 2 slave threads.
Starting static elaboration
WARNING: [VRFC 10-3091] actual bit length 4 differs from formal bit length 32 for port 'out' [E:/Documents/计算机组成原理/实验/CPU_9/CPU_9.srcs/sources_1/new/ALU_REG.v:63]
Completed static elaboration
Starting simulation data flow analysis
Completed simulation data flow analysis
Time Resolution for simulation is 1ps
Compiling module xil_defaultlib.ADDER
Compiling module xil_defaultlib.PC
Compiling module blk_mem_gen_v8_4_2.blk_mem_gen_v8_4_2_output_stage(...
Compiling module blk_mem_gen_v8_4_2.blk_mem_gen_v8_4_2_softecc_outpu...
Compiling module blk_mem_gen_v8_4_2.blk_mem_gen_v8_4_2_mem_module(C_...
Compiling module blk_mem_gen_v8_4_2.blk_mem_gen_v8_4_2(C_FAMILY="art...
Compiling module xil_defaultlib.ROM
Compiling module xil_defaultlib.IR
Compiling module xil_defaultlib.ID1
Compiling module xil_defaultlib.ID2
Compiling module xil_defaultlib.CU
Compiling module xil_defaultlib.REG_HEAP
Compiling module xil_defaultlib.REG
Compiling module xil_defaultlib.ALU
Compiling module xil_defaultlib.ALU_REG
Compiling module blk_mem_gen_v8_4_2.blk_mem_gen_v8_4_2_mem_module(C_...
Compiling module blk_mem_gen_v8_4_2.blk_mem_gen_v8_4_2(C_FAMILY="art...
Compiling module xil_defaultlib.RAM
Compiling module xil_defaultlib.MDR
Compiling module xil_defaultlib.RIUS_CPU
Compiling module xil_defaultlib.DISPLAY
Compiling module xil_defaultlib.TOP
Compiling module xil_defaultlib.glbl
Built simulation snapshot TOP_behav
