Copyright 1986-2018 Xilinx, Inc. All Rights Reserved.
------------------------------------------------------------------------------------
| Tool Version : Vivado v.2018.3 (win64) Build 2405991 Thu Dec  6 23:38:27 MST 2018
| Date         : Tue Jun 10 19:36:33 2025
| Host         : LAPTOP-QMK9UGLS running 64-bit major release  (build 9200)
| Command      : report_control_sets -verbose -file TOP_control_sets_placed.rpt
| Design       : TOP
| Device       : xc7a100t
------------------------------------------------------------------------------------

Control Set Information

Table of Contents
-----------------
1. Summary
2. Histogram
3. Flip-Flop Distribution
4. Detailed Control Set Information

1. Summary
----------

+----------------------------------------------------------+-------+
|                          Status                          | Count |
+----------------------------------------------------------+-------+
| Number of unique control sets                            |     6 |
| Unused register locations in slices containing registers |    24 |
+----------------------------------------------------------+-------+


2. Histogram
------------

+--------+--------------+
| Fanout | Control Sets |
+--------+--------------+
|      1 |            1 |
|      3 |            1 |
|     15 |            1 |
|    16+ |            3 |
+--------+--------------+


3. Flip-Flop Distribution
-------------------------

+--------------+-----------------------+------------------------+-----------------+--------------+
| Clock Enable | Synchronous Set/Reset | Asynchronous Set/Reset | Total Registers | Total Slices |
+--------------+-----------------------+------------------------+-----------------+--------------+
| No           | No                    | No                     |              19 |            6 |
| No           | No                    | Yes                    |             101 |           46 |
| No           | Yes                   | No                     |               0 |            0 |
| Yes          | No                    | No                     |               0 |            0 |
| Yes          | No                    | Yes                    |               0 |            0 |
| Yes          | Yes                   | No                     |               0 |            0 |
+--------------+-----------------------+------------------------+-----------------+--------------+


4. Detailed Control Set Information
-----------------------------------

+-----------------------+---------------+------------------+------------------+----------------+
|      Clock Signal     | Enable Signal | Set/Reset Signal | Slice Load Count | Bel Load Count |
+-----------------------+---------------+------------------+------------------+----------------+
|  u1/alu/C_reg_i_2_n_0 |               |                  |                1 |              1 |
| ~clk_IBUF_BUFG        |               |                  |                1 |              3 |
|  clk_IBUF_BUFG        |               |                  |                4 |             15 |
|  clk_A_IBUF_BUFG      |               | rst_IBUF         |               12 |             32 |
|  clk_B_IBUF_BUFG      |               | rst_IBUF         |               16 |             33 |
|  clk_F_IBUF_BUFG      |               | rst_IBUF         |               18 |             36 |
+-----------------------+---------------+------------------+------------------+----------------+


