Copyright 1986-2018 Xilinx, Inc. All Rights Reserved.
------------------------------------------------------------------------------------
| Tool Version : Vivado v.2018.3 (win64) Build 2405991 Thu Dec  6 23:38:27 MST 2018
| Date         : Tue Jun 10 20:30:40 2025
| Host         : LAPTOP-QMK9UGLS running 64-bit major release  (build 9200)
| Command      : report_control_sets -verbose -file TOP_control_sets_placed.rpt
| Design       : TOP
| Device       : xc7a100t
------------------------------------------------------------------------------------

Control Set Information

Table of Contents
-----------------
1. Summary
2. Histogram
3. Flip-Flop Distribution
4. Detailed Control Set Information

1. Summary
----------

+----------------------------------------------------------+-------+
|                          Status                          | Count |
+----------------------------------------------------------+-------+
| Number of unique control sets                            |     4 |
| Unused register locations in slices containing registers |     7 |
+----------------------------------------------------------+-------+


2. Histogram
------------

+--------+--------------+
| Fanout | Control Sets |
+--------+--------------+
|      3 |            1 |
|     15 |            1 |
|    16+ |            2 |
+--------+--------------+


3. Flip-Flop Distribution
-------------------------

+--------------+-----------------------+------------------------+-----------------+--------------+
| Clock Enable | Synchronous Set/Reset | Asynchronous Set/Reset | Total Registers | Total Slices |
+--------------+-----------------------+------------------------+-----------------+--------------+
| No           | No                    | No                     |              18 |            5 |
| No           | No                    | Yes                    |               0 |            0 |
| No           | Yes                   | No                     |               0 |            0 |
| Yes          | No                    | No                     |               0 |            0 |
| Yes          | No                    | Yes                    |              95 |           35 |
| Yes          | Yes                   | No                     |               0 |            0 |
+--------------+-----------------------+------------------------+-----------------+--------------+


4. Detailed Control Set Information
-----------------------------------

+-------------------+---------------+------------------+------------------+----------------+
|    Clock Signal   | Enable Signal | Set/Reset Signal | Slice Load Count | Bel Load Count |
+-------------------+---------------+------------------+------------------+----------------+
| ~clk_IBUF_BUFG    |               |                  |                1 |              3 |
|  clk_IBUF_BUFG    |               |                  |                4 |             15 |
| ~clk_im_IBUF_BUFG | PC_Write_IBUF | rst_IBUF         |                9 |             31 |
| ~clk_im_IBUF_BUFG | IR_Write_IBUF | rst_IBUF         |               26 |             64 |
+-------------------+---------------+------------------+------------------+----------------+


